2023-01-17 23:55:57,003 [Worker-3: Loading available Gradle versions] INFO  o.e.b.c.i.u.g.PublishedGradleVersions - Gradle version information cache is up-to-date. Trying to read.
2023-01-18 00:18:49,086 [Worker-4: Loading available Gradle versions] INFO  o.e.b.c.i.u.g.PublishedGradleVersions - Gradle version information cache is up-to-date. Trying to read.
2023-01-24 15:58:38,448 [Worker-22: Loading available Gradle versions] INFO  o.e.b.c.i.u.g.PublishedGradleVersions - Gradle version information cache is out-of-date. Trying to update.
2023-01-27 16:37:43,593 [Worker-9: Loading available Gradle versions] INFO  o.e.b.c.i.u.g.PublishedGradleVersions - Gradle version information cache is up-to-date. Trying to read.
2023-02-15 12:23:56,098 [Worker-7: Loading available Gradle versions] INFO  o.e.b.c.i.u.g.PublishedGradleVersions - Gradle version information cache is up-to-date. Trying to read.
2023-02-17 16:06:27,217 [Worker-34: Loading available Gradle versions] INFO  o.e.b.c.i.u.g.PublishedGradleVersions - Gradle version information cache is up-to-date. Trying to read.
2023-02-21 16:29:08,101 [Worker-26: Loading available Gradle versions] INFO  o.e.b.c.i.u.g.PublishedGradleVersions - Gradle version information cache is up-to-date. Trying to read.
2023-02-22 15:59:05,464 [Worker-4: Loading available Gradle versions] INFO  o.e.b.c.i.u.g.PublishedGradleVersions - Gradle version information cache is out-of-date. Trying to update.
2023-02-23 15:59:19,214 [Worker-7: Loading available Gradle versions] INFO  o.e.b.c.i.u.g.PublishedGradleVersions - Gradle version information cache is out-of-date. Trying to update.
2023-02-24 16:24:55,872 [Worker-25: Loading available Gradle versions] INFO  o.e.b.c.i.u.g.PublishedGradleVersions - Gradle version information cache is out-of-date. Trying to update.
2023-02-25 16:29:52,128 [Worker-5: Loading available Gradle versions] INFO  o.e.b.c.i.u.g.PublishedGradleVersions - Gradle version information cache is out-of-date. Trying to update.
2023-02-27 17:11:34,499 [Worker-26: Loading available Gradle versions] INFO  o.e.b.c.i.u.g.PublishedGradleVersions - Gradle version information cache is up-to-date. Trying to read.
2023-02-28 15:58:36,890 [Worker-4: Loading available Gradle versions] INFO  o.e.b.c.i.u.g.PublishedGradleVersions - Gradle version information cache is up-to-date. Trying to read.
2023-03-01 17:14:12,042 [Worker-11: Loading available Gradle versions] INFO  o.e.b.c.i.u.g.PublishedGradleVersions - Gradle version information cache is out-of-date. Trying to update.
2023-03-01 17:24:32,410 [Worker-29: Launching mavenrun-7cfbb5bf-246f-4703-ac4d-28c79d33317a] INFO  o.eclipse.m2e.core.internal.Bundles - getClasspathEntries(Bundle=org.eclipse.m2e.maven.runtime_3.8.604.20221130-2149 [1586])
2023-03-01 17:24:32,418 [Worker-29: Launching mavenrun-7cfbb5bf-246f-4703-ac4d-28c79d33317a] INFO  o.eclipse.m2e.core.internal.Bundles - 	Entry: C:\Users\Dhananjay\.p2\pool\plugins\org.eclipse.m2e.maven.runtime_3.8.604.20221130-2149
2023-03-01 17:24:32,420 [Worker-29: Launching mavenrun-7cfbb5bf-246f-4703-ac4d-28c79d33317a] INFO  o.eclipse.m2e.core.internal.Bundles - 	Entry: C:\Users\Dhananjay\.p2\pool\plugins\org.eclipse.m2e.maven.runtime_3.8.604.20221130-2149\jars\aether-connector-okhttp-0.17.8.jar
2023-03-01 17:24:32,420 [Worker-29: Launching mavenrun-7cfbb5bf-246f-4703-ac4d-28c79d33317a] INFO  o.eclipse.m2e.core.internal.Bundles - 	Entry: C:\Users\Dhananjay\.p2\pool\plugins\org.eclipse.m2e.maven.runtime_3.8.604.20221130-2149\jars\commons-cli-1.4.jar
2023-03-01 17:24:32,420 [Worker-29: Launching mavenrun-7cfbb5bf-246f-4703-ac4d-28c79d33317a] INFO  o.eclipse.m2e.core.internal.Bundles - 	Entry: C:\Users\Dhananjay\.p2\pool\plugins\org.eclipse.m2e.maven.runtime_3.8.604.20221130-2149\jars\commons-io-2.6.jar
2023-03-01 17:24:32,420 [Worker-29: Launching mavenrun-7cfbb5bf-246f-4703-ac4d-28c79d33317a] INFO  o.eclipse.m2e.core.internal.Bundles - 	Entry: C:\Users\Dhananjay\.p2\pool\plugins\org.eclipse.m2e.maven.runtime_3.8.604.20221130-2149\jars\commons-lang3-3.8.1.jar
2023-03-01 17:24:32,420 [Worker-29: Launching mavenrun-7cfbb5bf-246f-4703-ac4d-28c79d33317a] INFO  o.eclipse.m2e.core.internal.Bundles - 	Entry: C:\Users\Dhananjay\.p2\pool\plugins\org.eclipse.m2e.maven.runtime_3.8.604.20221130-2149\jars\guice-4.2.2-no_aop.jar
2023-03-01 17:24:32,420 [Worker-29: Launching mavenrun-7cfbb5bf-246f-4703-ac4d-28c79d33317a] INFO  o.eclipse.m2e.core.internal.Bundles - 	Entry: C:\Users\Dhananjay\.p2\pool\plugins\org.eclipse.m2e.maven.runtime_3.8.604.20221130-2149\jars\jansi-2.4.0.jar
2023-03-01 17:24:32,420 [Worker-29: Launching mavenrun-7cfbb5bf-246f-4703-ac4d-28c79d33317a] INFO  o.eclipse.m2e.core.internal.Bundles - 	Entry: C:\Users\Dhananjay\.p2\pool\plugins\org.eclipse.m2e.maven.runtime_3.8.604.20221130-2149\jars\maven-artifact-3.8.6.jar
2023-03-01 17:24:32,421 [Worker-29: Launching mavenrun-7cfbb5bf-246f-4703-ac4d-28c79d33317a] INFO  o.eclipse.m2e.core.internal.Bundles - 	Entry: C:\Users\Dhananjay\.p2\pool\plugins\org.eclipse.m2e.maven.runtime_3.8.604.20221130-2149\jars\maven-builder-support-3.8.6.jar
2023-03-01 17:24:32,421 [Worker-29: Launching mavenrun-7cfbb5bf-246f-4703-ac4d-28c79d33317a] INFO  o.eclipse.m2e.core.internal.Bundles - 	Entry: C:\Users\Dhananjay\.p2\pool\plugins\org.eclipse.m2e.maven.runtime_3.8.604.20221130-2149\jars\maven-compat-3.8.6.jar
2023-03-01 17:24:32,421 [Worker-29: Launching mavenrun-7cfbb5bf-246f-4703-ac4d-28c79d33317a] INFO  o.eclipse.m2e.core.internal.Bundles - 	Entry: C:\Users\Dhananjay\.p2\pool\plugins\org.eclipse.m2e.maven.runtime_3.8.604.20221130-2149\jars\maven-core-3.8.6.jar
2023-03-01 17:24:32,422 [Worker-29: Launching mavenrun-7cfbb5bf-246f-4703-ac4d-28c79d33317a] INFO  o.eclipse.m2e.core.internal.Bundles - 	Entry: C:\Users\Dhananjay\.p2\pool\plugins\org.eclipse.m2e.maven.runtime_3.8.604.20221130-2149\jars\maven-embedder-3.8.6.jar
2023-03-01 17:24:32,422 [Worker-29: Launching mavenrun-7cfbb5bf-246f-4703-ac4d-28c79d33317a] INFO  o.eclipse.m2e.core.internal.Bundles - 	Entry: C:\Users\Dhananjay\.p2\pool\plugins\org.eclipse.m2e.maven.runtime_3.8.604.20221130-2149\jars\maven-model-3.8.6.jar
2023-03-01 17:24:32,422 [Worker-29: Launching mavenrun-7cfbb5bf-246f-4703-ac4d-28c79d33317a] INFO  o.eclipse.m2e.core.internal.Bundles - 	Entry: C:\Users\Dhananjay\.p2\pool\plugins\org.eclipse.m2e.maven.runtime_3.8.604.20221130-2149\jars\maven-model-builder-3.8.6.jar
2023-03-01 17:24:32,422 [Worker-29: Launching mavenrun-7cfbb5bf-246f-4703-ac4d-28c79d33317a] INFO  o.eclipse.m2e.core.internal.Bundles - 	Entry: C:\Users\Dhananjay\.p2\pool\plugins\org.eclipse.m2e.maven.runtime_3.8.604.20221130-2149\jars\maven-plugin-api-3.8.6.jar
2023-03-01 17:24:32,422 [Worker-29: Launching mavenrun-7cfbb5bf-246f-4703-ac4d-28c79d33317a] INFO  o.eclipse.m2e.core.internal.Bundles - 	Entry: C:\Users\Dhananjay\.p2\pool\plugins\org.eclipse.m2e.maven.runtime_3.8.604.20221130-2149\jars\maven-repository-metadata-3.8.6.jar
2023-03-01 17:24:32,422 [Worker-29: Launching mavenrun-7cfbb5bf-246f-4703-ac4d-28c79d33317a] INFO  o.eclipse.m2e.core.internal.Bundles - 	Entry: C:\Users\Dhananjay\.p2\pool\plugins\org.eclipse.m2e.maven.runtime_3.8.604.20221130-2149\jars\maven-resolver-api-1.6.3.jar
2023-03-01 17:24:32,422 [Worker-29: Launching mavenrun-7cfbb5bf-246f-4703-ac4d-28c79d33317a] INFO  o.eclipse.m2e.core.internal.Bundles - 	Entry: C:\Users\Dhananjay\.p2\pool\plugins\org.eclipse.m2e.maven.runtime_3.8.604.20221130-2149\jars\maven-resolver-connector-basic-1.6.3.jar
2023-03-01 17:24:32,422 [Worker-29: Launching mavenrun-7cfbb5bf-246f-4703-ac4d-28c79d33317a] INFO  o.eclipse.m2e.core.internal.Bundles - 	Entry: C:\Users\Dhananjay\.p2\pool\plugins\org.eclipse.m2e.maven.runtime_3.8.604.20221130-2149\jars\maven-resolver-impl-1.6.3.jar
2023-03-01 17:24:32,422 [Worker-29: Launching mavenrun-7cfbb5bf-246f-4703-ac4d-28c79d33317a] INFO  o.eclipse.m2e.core.internal.Bundles - 	Entry: C:\Users\Dhananjay\.p2\pool\plugins\org.eclipse.m2e.maven.runtime_3.8.604.20221130-2149\jars\maven-resolver-provider-3.8.6.jar
2023-03-01 17:24:32,423 [Worker-29: Launching mavenrun-7cfbb5bf-246f-4703-ac4d-28c79d33317a] INFO  o.eclipse.m2e.core.internal.Bundles - 	Entry: C:\Users\Dhananjay\.p2\pool\plugins\org.eclipse.m2e.maven.runtime_3.8.604.20221130-2149\jars\maven-resolver-spi-1.6.3.jar
2023-03-01 17:24:32,424 [Worker-29: Launching mavenrun-7cfbb5bf-246f-4703-ac4d-28c79d33317a] INFO  o.eclipse.m2e.core.internal.Bundles - 	Entry: C:\Users\Dhananjay\.p2\pool\plugins\org.eclipse.m2e.maven.runtime_3.8.604.20221130-2149\jars\maven-resolver-transport-wagon-1.6.3.jar
2023-03-01 17:24:32,424 [Worker-29: Launching mavenrun-7cfbb5bf-246f-4703-ac4d-28c79d33317a] INFO  o.eclipse.m2e.core.internal.Bundles - 	Entry: C:\Users\Dhananjay\.p2\pool\plugins\org.eclipse.m2e.maven.runtime_3.8.604.20221130-2149\jars\maven-resolver-util-1.6.3.jar
2023-03-01 17:24:32,424 [Worker-29: Launching mavenrun-7cfbb5bf-246f-4703-ac4d-28c79d33317a] INFO  o.eclipse.m2e.core.internal.Bundles - 	Entry: C:\Users\Dhananjay\.p2\pool\plugins\org.eclipse.m2e.maven.runtime_3.8.604.20221130-2149\jars\maven-settings-3.8.6.jar
2023-03-01 17:24:32,424 [Worker-29: Launching mavenrun-7cfbb5bf-246f-4703-ac4d-28c79d33317a] INFO  o.eclipse.m2e.core.internal.Bundles - 	Entry: C:\Users\Dhananjay\.p2\pool\plugins\org.eclipse.m2e.maven.runtime_3.8.604.20221130-2149\jars\maven-settings-builder-3.8.6.jar
2023-03-01 17:24:32,424 [Worker-29: Launching mavenrun-7cfbb5bf-246f-4703-ac4d-28c79d33317a] INFO  o.eclipse.m2e.core.internal.Bundles - 	Entry: C:\Users\Dhananjay\.p2\pool\plugins\org.eclipse.m2e.maven.runtime_3.8.604.20221130-2149\jars\maven-shared-utils-3.3.4.jar
2023-03-01 17:24:32,424 [Worker-29: Launching mavenrun-7cfbb5bf-246f-4703-ac4d-28c79d33317a] INFO  o.eclipse.m2e.core.internal.Bundles - 	Entry: C:\Users\Dhananjay\.p2\pool\plugins\org.eclipse.m2e.maven.runtime_3.8.604.20221130-2149\jars\okhttp-3.14.1.jar
2023-03-01 17:24:32,425 [Worker-29: Launching mavenrun-7cfbb5bf-246f-4703-ac4d-28c79d33317a] INFO  o.eclipse.m2e.core.internal.Bundles - 	Entry: C:\Users\Dhananjay\.p2\pool\plugins\org.eclipse.m2e.maven.runtime_3.8.604.20221130-2149\jars\okio-1.17.3.jar
2023-03-01 17:24:32,425 [Worker-29: Launching mavenrun-7cfbb5bf-246f-4703-ac4d-28c79d33317a] INFO  o.eclipse.m2e.core.internal.Bundles - 	Entry: C:\Users\Dhananjay\.p2\pool\plugins\org.eclipse.m2e.maven.runtime_3.8.604.20221130-2149\jars\org.eclipse.sisu.inject-0.3.5.jar
2023-03-01 17:24:32,425 [Worker-29: Launching mavenrun-7cfbb5bf-246f-4703-ac4d-28c79d33317a] INFO  o.eclipse.m2e.core.internal.Bundles - 	Entry: C:\Users\Dhananjay\.p2\pool\plugins\org.eclipse.m2e.maven.runtime_3.8.604.20221130-2149\jars\org.eclipse.sisu.plexus-0.3.5.jar
2023-03-01 17:24:32,425 [Worker-29: Launching mavenrun-7cfbb5bf-246f-4703-ac4d-28c79d33317a] INFO  o.eclipse.m2e.core.internal.Bundles - 	Entry: C:\Users\Dhananjay\.p2\pool\plugins\org.eclipse.m2e.maven.runtime_3.8.604.20221130-2149\jars\plexus-build-api-0.0.7.jar
2023-03-01 17:24:32,425 [Worker-29: Launching mavenrun-7cfbb5bf-246f-4703-ac4d-28c79d33317a] INFO  o.eclipse.m2e.core.internal.Bundles - 	Entry: C:\Users\Dhananjay\.p2\pool\plugins\org.eclipse.m2e.maven.runtime_3.8.604.20221130-2149\jars\plexus-cipher-2.0.jar
2023-03-01 17:24:32,425 [Worker-29: Launching mavenrun-7cfbb5bf-246f-4703-ac4d-28c79d33317a] INFO  o.eclipse.m2e.core.internal.Bundles - 	Entry: C:\Users\Dhananjay\.p2\pool\plugins\org.eclipse.m2e.maven.runtime_3.8.604.20221130-2149\jars\plexus-classworlds-2.6.0.jar
2023-03-01 17:24:32,426 [Worker-29: Launching mavenrun-7cfbb5bf-246f-4703-ac4d-28c79d33317a] INFO  o.eclipse.m2e.core.internal.Bundles - 	Entry: C:\Users\Dhananjay\.p2\pool\plugins\org.eclipse.m2e.maven.runtime_3.8.604.20221130-2149\jars\plexus-component-annotations-2.1.0.jar
2023-03-01 17:24:32,427 [Worker-29: Launching mavenrun-7cfbb5bf-246f-4703-ac4d-28c79d33317a] INFO  o.eclipse.m2e.core.internal.Bundles - 	Entry: C:\Users\Dhananjay\.p2\pool\plugins\org.eclipse.m2e.maven.runtime_3.8.604.20221130-2149\jars\plexus-interpolation-1.26.jar
2023-03-01 17:24:32,427 [Worker-29: Launching mavenrun-7cfbb5bf-246f-4703-ac4d-28c79d33317a] INFO  o.eclipse.m2e.core.internal.Bundles - 	Entry: C:\Users\Dhananjay\.p2\pool\plugins\org.eclipse.m2e.maven.runtime_3.8.604.20221130-2149\jars\plexus-sec-dispatcher-2.0.jar
2023-03-01 17:24:32,429 [Worker-29: Launching mavenrun-7cfbb5bf-246f-4703-ac4d-28c79d33317a] INFO  o.eclipse.m2e.core.internal.Bundles - 	Entry: C:\Users\Dhananjay\.p2\pool\plugins\org.eclipse.m2e.maven.runtime_3.8.604.20221130-2149\jars\plexus-utils-3.3.1.jar
2023-03-01 17:24:32,430 [Worker-29: Launching mavenrun-7cfbb5bf-246f-4703-ac4d-28c79d33317a] INFO  o.eclipse.m2e.core.internal.Bundles - 	Entry: C:\Users\Dhananjay\.p2\pool\plugins\org.eclipse.m2e.maven.runtime_3.8.604.20221130-2149\jars\wagon-file-3.5.1.jar
2023-03-01 17:24:32,431 [Worker-29: Launching mavenrun-7cfbb5bf-246f-4703-ac4d-28c79d33317a] INFO  o.eclipse.m2e.core.internal.Bundles - 	Entry: C:\Users\Dhananjay\.p2\pool\plugins\org.eclipse.m2e.maven.runtime_3.8.604.20221130-2149\jars\wagon-provider-api-3.5.1.jar
2023-03-01 17:24:32,436 [Worker-29: Launching mavenrun-7cfbb5bf-246f-4703-ac4d-28c79d33317a] INFO  o.eclipse.m2e.core.internal.Bundles - getClasspathEntries(Bundle=com.google.guava_30.1.0.v20221112-0806 [944])
2023-03-01 17:24:32,438 [Worker-29: Launching mavenrun-7cfbb5bf-246f-4703-ac4d-28c79d33317a] INFO  o.eclipse.m2e.core.internal.Bundles - 	Entry: C:\Users\Dhananjay\.p2\pool\plugins\com.google.guava_30.1.0.v20221112-0806.jar
2023-03-01 17:24:32,439 [Worker-29: Launching mavenrun-7cfbb5bf-246f-4703-ac4d-28c79d33317a] INFO  o.eclipse.m2e.core.internal.Bundles - getClasspathEntries(Bundle=slf4j.api_1.7.36 [1664])
2023-03-01 17:24:32,441 [Worker-29: Launching mavenrun-7cfbb5bf-246f-4703-ac4d-28c79d33317a] INFO  o.eclipse.m2e.core.internal.Bundles - 	Entry: C:\Users\Dhananjay\.p2\pool\plugins\slf4j.api_1.7.36.jar
2023-03-01 17:24:32,441 [Worker-29: Launching mavenrun-7cfbb5bf-246f-4703-ac4d-28c79d33317a] INFO  o.eclipse.m2e.core.internal.Bundles - getClasspathEntries(Bundle=javax.inject_1.0.0.v20220405-0441 [959])
2023-03-01 17:24:32,443 [Worker-29: Launching mavenrun-7cfbb5bf-246f-4703-ac4d-28c79d33317a] INFO  o.eclipse.m2e.core.internal.Bundles - 	Entry: C:\Users\Dhananjay\.p2\pool\plugins\javax.inject_1.0.0.v20220405-0441.jar
2023-03-01 17:24:32,443 [Worker-29: Launching mavenrun-7cfbb5bf-246f-4703-ac4d-28c79d33317a] INFO  o.eclipse.m2e.core.internal.Bundles - getClasspathEntries(Bundle=javax.annotation_1.3.5.v20221112-0806 [1455])
2023-03-01 17:24:32,446 [Worker-29: Launching mavenrun-7cfbb5bf-246f-4703-ac4d-28c79d33317a] INFO  o.eclipse.m2e.core.internal.Bundles - 	Entry: C:\Users\Dhananjay\.p2\pool\plugins\javax.annotation_1.3.5.v20221112-0806.jar
2023-03-01 17:24:32,451 [Worker-29: Launching mavenrun-7cfbb5bf-246f-4703-ac4d-28c79d33317a] INFO  o.e.m.i.launch.MavenLaunchDelegate - Run build in "C:\Users\Dhananjay\AppData\Local\Temp\m2e-archetypeGenerator9609404162306193066":
2023-03-01 17:24:32,461 [Worker-29: Launching mavenrun-7cfbb5bf-246f-4703-ac4d-28c79d33317a] INFO  o.e.m.i.launch.MavenLaunchDelegate -  mvn  -DarchetypeGroupId=org.apache.maven.archetypes -DarchetypeArtifactId=maven-archetype-quickstart -DarchetypeVersion=1.4 -DgroupId=com.jspiders -DartifactId=hibernate -Dversion=0.0.1-SNAPSHOT -Dpackage=com.jspiders.hibernate -DoutputDirectory=D:\WEJE3 -B -Dstyle.color=always -U archetype:generate
2023-03-01 17:24:46,140 [Worker-28: Creating maven-archetype-quickstart] INFO  o.e.m.c.i.p.ProjectConfigurationManager - Collecting project info '/pom.xml' D:\WEJE3\hibernate\pom.xml
2023-03-01 17:24:47,113 [Worker-28: Creating maven-archetype-quickstart] INFO  o.e.m.c.i.l.LifecycleMappingFactory - Using org.eclipse.m2e.jdt.JarLifecycleMapping lifecycle mapping for MavenProject: com.jspiders:hibernate:0.0.1-SNAPSHOT @ D:\WEJE3\hibernate\pom.xml.
2023-03-01 17:24:47,763 [Worker-28: Creating maven-archetype-quickstart] INFO  o.e.m.j.i.AbstractJavaProjectConfigurator - Adding source folder /hibernate/src/main/java
2023-03-01 17:24:47,785 [Worker-28: Creating maven-archetype-quickstart] INFO  o.e.m.j.i.AbstractJavaProjectConfigurator - Adding source folder /hibernate/src/test/java
2023-03-01 17:24:47,961 [Worker-28: Creating maven-archetype-quickstart] INFO  o.e.m.c.i.p.ProjectConfigurationManager - Imported and configured 1 project(s) in 1 sec
2023-03-01 17:24:49,855 [Worker-22: Building] INFO  o.e.m.c.i.embedder.EclipseLogger - Using 'UTF-8' encoding to copy filtered resources.
2023-03-01 17:24:49,855 [Worker-22: Building] INFO  o.e.m.c.i.embedder.EclipseLogger - skip non existing resourceDirectory D:\WEJE3\hibernate\src\main\resources
2023-03-01 17:24:49,858 [Worker-22: Building] INFO  o.e.m.c.i.embedder.EclipseLogger - Using 'UTF-8' encoding to copy filtered resources.
2023-03-01 17:24:49,858 [Worker-22: Building] INFO  o.e.m.c.i.embedder.EclipseLogger - skip non existing resourceDirectory D:\WEJE3\hibernate\src\test\resources
2023-03-01 17:43:00,502 [Start Help Server] INFO  org.eclipse.jetty.server.Server - jetty-10.0.12; built: 2022-09-14T01:54:40.076Z; git: 408d0139887e27a57b54ed52e2d92a36731a7e88; jvm 19.0.1+10
2023-03-01 17:43:00,537 [Start Help Server] INFO  o.e.j.s.s.DefaultSessionIdManager - Session workerName=node0
2023-03-01 17:43:00,574 [Start Help Server] INFO  o.e.j.server.handler.ContextHandler - Started o.e.j.s.ServletContextHandler@57010663{/help,null,AVAILABLE}
2023-03-01 17:43:00,603 [Start Help Server] INFO  o.e.jetty.server.AbstractConnector - Started ServerConnector@2befeb6b{HTTP/1.1, (http/1.1)}{127.0.0.1:54521}
2023-03-01 17:43:00,629 [Start Help Server] INFO  org.eclipse.jetty.server.Server - Started Server@6e7cf736{STARTING}[10.0.12,sto=0] @7694358ms
2023-03-01 17:56:53,766 [Stop Help Server] INFO  org.eclipse.jetty.server.Server - Stopped Server@6e7cf736{STOPPING}[10.0.12,sto=0]
2023-03-01 17:56:53,774 [Stop Help Server] INFO  o.e.jetty.server.AbstractConnector - Stopped ServerConnector@2befeb6b{HTTP/1.1, (http/1.1)}{127.0.0.1:0}
2023-03-01 17:56:53,784 [Stop Help Server] INFO  o.e.j.server.handler.ContextHandler - Stopped o.e.j.s.ServletContextHandler@57010663{/help,null,STOPPED}
2023-03-02 15:06:13,897 [Worker-1: Loading available Gradle versions] INFO  o.e.b.c.i.u.g.PublishedGradleVersions - Gradle version information cache is up-to-date. Trying to read.
2023-03-02 16:24:44,803 [Worker-21: Building] INFO  o.e.m.c.i.embedder.EclipseLogger - Using 'UTF-8' encoding to copy filtered resources.
2023-03-02 16:24:44,803 [Worker-21: Building] INFO  o.e.m.c.i.embedder.EclipseLogger - skip non existing resourceDirectory D:\WEJE3\hibernate\src\main\resources
2023-03-02 16:24:44,815 [Worker-21: Building] INFO  o.e.m.c.i.embedder.EclipseLogger - Using 'UTF-8' encoding to copy filtered resources.
2023-03-02 16:24:44,815 [Worker-21: Building] INFO  o.e.m.c.i.embedder.EclipseLogger - skip non existing resourceDirectory D:\WEJE3\hibernate\src\test\resources
2023-03-02 16:24:46,687 [Worker-24: Building Project hibernate] INFO  o.e.m.c.i.embedder.EclipseLogger - Using 'UTF-8' encoding to copy filtered resources.
2023-03-02 16:24:46,687 [Worker-24: Building Project hibernate] INFO  o.e.m.c.i.embedder.EclipseLogger - skip non existing resourceDirectory D:\WEJE3\hibernate\src\main\resources
2023-03-02 16:24:46,692 [Worker-24: Building Project hibernate] INFO  o.e.m.c.i.embedder.EclipseLogger - Using 'UTF-8' encoding to copy filtered resources.
2023-03-02 16:24:46,692 [Worker-24: Building Project hibernate] INFO  o.e.m.c.i.embedder.EclipseLogger - skip non existing resourceDirectory D:\WEJE3\hibernate\src\test\resources
2023-03-02 16:24:56,821 [Worker-23: Building Project hibernate] INFO  o.e.m.c.i.embedder.EclipseLogger - Using 'UTF-8' encoding to copy filtered resources.
2023-03-02 16:24:56,822 [Worker-23: Building Project hibernate] INFO  o.e.m.c.i.embedder.EclipseLogger - skip non existing resourceDirectory D:\WEJE3\hibernate\src\main\resources
2023-03-02 16:24:56,825 [Worker-23: Building Project hibernate] INFO  o.e.m.c.i.embedder.EclipseLogger - Using 'UTF-8' encoding to copy filtered resources.
2023-03-02 16:24:56,825 [Worker-23: Building Project hibernate] INFO  o.e.m.c.i.embedder.EclipseLogger - skip non existing resourceDirectory D:\WEJE3\hibernate\src\test\resources
2023-03-02 16:25:33,401 [Worker-23: Building] INFO  o.e.m.c.i.l.LifecycleMappingFactory - Using org.eclipse.m2e.jdt.JarLifecycleMapping lifecycle mapping for MavenProject: com.jspiders:hibernate:0.0.1-SNAPSHOT @ D:\WEJE3\hibernate\pom.xml.
2023-03-02 16:25:33,860 [Worker-23: Building] INFO  o.e.m.c.i.embedder.EclipseLogger - Using 'UTF-8' encoding to copy filtered resources.
2023-03-02 16:25:33,860 [Worker-23: Building] INFO  o.e.m.c.i.embedder.EclipseLogger - skip non existing resourceDirectory D:\WEJE3\hibernate\src\main\resources
2023-03-02 16:25:33,865 [Worker-23: Building] INFO  o.e.m.c.i.embedder.EclipseLogger - Using 'UTF-8' encoding to copy filtered resources.
2023-03-02 16:25:33,866 [Worker-23: Building] INFO  o.e.m.c.i.embedder.EclipseLogger - skip non existing resourceDirectory D:\WEJE3\hibernate\src\test\resources
2023-03-02 17:04:57,386 [Worker-28: Building] INFO  o.e.m.c.i.l.LifecycleMappingFactory - Using org.eclipse.m2e.jdt.JarLifecycleMapping lifecycle mapping for MavenProject: com.jspiders:hibernate:0.0.1-SNAPSHOT @ D:\WEJE3\hibernate\pom.xml.
2023-03-02 17:04:58,763 [Worker-28: Building] INFO  o.e.m.c.i.embedder.EclipseLogger - Using 'UTF-8' encoding to copy filtered resources.
2023-03-02 17:04:58,764 [Worker-28: Building] INFO  o.e.m.c.i.embedder.EclipseLogger - skip non existing resourceDirectory D:\WEJE3\hibernate\src\main\resources
2023-03-02 17:04:58,768 [Worker-28: Building] INFO  o.e.m.c.i.embedder.EclipseLogger - Using 'UTF-8' encoding to copy filtered resources.
2023-03-02 17:04:58,768 [Worker-28: Building] INFO  o.e.m.c.i.embedder.EclipseLogger - skip non existing resourceDirectory D:\WEJE3\hibernate\src\test\resources
2023-03-02 17:05:00,274 [Worker-24: Building] INFO  o.e.m.c.i.embedder.EclipseLogger - Using 'UTF-8' encoding to copy filtered resources.
2023-03-02 17:05:00,274 [Worker-24: Building] INFO  o.e.m.c.i.embedder.EclipseLogger - skip non existing resourceDirectory D:\WEJE3\hibernate\src\main\resources
2023-03-02 17:05:00,277 [Worker-24: Building] INFO  o.e.m.c.i.embedder.EclipseLogger - Using 'UTF-8' encoding to copy filtered resources.
2023-03-02 17:05:00,277 [Worker-24: Building] INFO  o.e.m.c.i.embedder.EclipseLogger - skip non existing resourceDirectory D:\WEJE3\hibernate\src\test\resources
2023-03-02 17:10:12,380 [Worker-17: Building] INFO  o.e.m.c.i.embedder.EclipseLogger - Using 'UTF-8' encoding to copy filtered resources.
2023-03-02 17:10:12,398 [Worker-17: Building] INFO  o.e.m.c.i.embedder.EclipseLogger - Copying 0 resource
2023-03-02 17:10:12,404 [Worker-17: Building] INFO  o.e.m.c.i.embedder.EclipseLogger - Using 'UTF-8' encoding to copy filtered resources.
2023-03-02 17:10:12,405 [Worker-17: Building] INFO  o.e.m.c.i.embedder.EclipseLogger - skip non existing resourceDirectory D:\WEJE3\hibernate\src\test\resources
2023-03-02 17:10:55,550 [Worker-30: Building] INFO  o.e.m.c.i.embedder.EclipseLogger - Using 'UTF-8' encoding to copy filtered resources.
2023-03-02 17:10:55,552 [Worker-30: Building] INFO  o.e.m.c.i.embedder.EclipseLogger - Copying 0 resource
2023-03-02 17:10:55,556 [Worker-30: Building] INFO  o.e.m.c.i.embedder.EclipseLogger - Using 'UTF-8' encoding to copy filtered resources.
2023-03-02 17:10:55,556 [Worker-30: Building] INFO  o.e.m.c.i.embedder.EclipseLogger - skip non existing resourceDirectory D:\WEJE3\hibernate\src\test\resources
2023-03-02 17:11:52,563 [Worker-31: Building] INFO  o.e.m.c.i.embedder.EclipseLogger - Using 'UTF-8' encoding to copy filtered resources.
2023-03-02 17:11:52,566 [Worker-31: Building] INFO  o.e.m.c.i.embedder.EclipseLogger - Copying 1 resource
2023-03-02 17:11:52,575 [Worker-31: Building] INFO  o.e.m.c.i.embedder.EclipseLogger - Using 'UTF-8' encoding to copy filtered resources.
2023-03-02 17:11:52,575 [Worker-31: Building] INFO  o.e.m.c.i.embedder.EclipseLogger - skip non existing resourceDirectory D:\WEJE3\hibernate\src\test\resources
2023-03-02 17:18:59,517 [Worker-34: Building] INFO  o.e.m.c.i.embedder.EclipseLogger - Using 'UTF-8' encoding to copy filtered resources.
2023-03-02 17:18:59,519 [Worker-34: Building] INFO  o.e.m.c.i.embedder.EclipseLogger - Copying 1 resource
2023-03-02 17:18:59,527 [Worker-34: Building] INFO  o.e.m.c.i.embedder.EclipseLogger - Using 'UTF-8' encoding to copy filtered resources.
2023-03-02 17:18:59,527 [Worker-34: Building] INFO  o.e.m.c.i.embedder.EclipseLogger - skip non existing resourceDirectory D:\WEJE3\hibernate\src\test\resources
2023-03-02 17:37:51,279 [Worker-39: Building] INFO  o.e.m.c.i.embedder.EclipseLogger - Using 'UTF-8' encoding to copy filtered resources.
2023-03-02 17:37:51,279 [Worker-39: Building] INFO  o.e.m.c.i.embedder.EclipseLogger - Copying 1 resource
2023-03-02 17:37:51,282 [Worker-39: Building] INFO  o.e.m.c.i.embedder.EclipseLogger - Using 'UTF-8' encoding to copy filtered resources.
2023-03-02 17:37:51,282 [Worker-39: Building] INFO  o.e.m.c.i.embedder.EclipseLogger - skip non existing resourceDirectory D:\WEJE3\hibernate\src\test\resources
2023-03-03 15:24:02,526 [Worker-4: Loading available Gradle versions] INFO  o.e.b.c.i.u.g.PublishedGradleVersions - Gradle version information cache is up-to-date. Trying to read.
2023-03-03 16:41:59,176 [Worker-28: Building] INFO  o.e.m.c.i.embedder.EclipseLogger - Using 'UTF-8' encoding to copy filtered resources.
2023-03-03 16:41:59,182 [Worker-28: Building] INFO  o.e.m.c.i.embedder.EclipseLogger - Copying 1 resource
2023-03-03 16:41:59,189 [Worker-28: Building] INFO  o.e.m.c.i.embedder.EclipseLogger - Using 'UTF-8' encoding to copy filtered resources.
2023-03-03 16:41:59,189 [Worker-28: Building] INFO  o.e.m.c.i.embedder.EclipseLogger - skip non existing resourceDirectory D:\WEJE3\hibernate\src\test\resources
2023-03-03 16:43:37,201 [Worker-12: Building] INFO  o.e.m.c.i.embedder.EclipseLogger - Using 'UTF-8' encoding to copy filtered resources.
2023-03-03 16:43:37,206 [Worker-12: Building] INFO  o.e.m.c.i.embedder.EclipseLogger - Copying 1 resource
2023-03-03 16:43:37,210 [Worker-12: Building] INFO  o.e.m.c.i.embedder.EclipseLogger - Using 'UTF-8' encoding to copy filtered resources.
2023-03-03 16:43:37,211 [Worker-12: Building] INFO  o.e.m.c.i.embedder.EclipseLogger - skip non existing resourceDirectory D:\WEJE3\hibernate\src\test\resources
2023-03-03 16:43:41,844 [Worker-12: Building] INFO  o.e.m.c.i.embedder.EclipseLogger - Using 'UTF-8' encoding to copy filtered resources.
2023-03-03 16:43:41,848 [Worker-12: Building] INFO  o.e.m.c.i.embedder.EclipseLogger - Copying 1 resource
2023-03-03 16:43:41,852 [Worker-12: Building] INFO  o.e.m.c.i.embedder.EclipseLogger - Using 'UTF-8' encoding to copy filtered resources.
2023-03-03 16:43:41,852 [Worker-12: Building] INFO  o.e.m.c.i.embedder.EclipseLogger - skip non existing resourceDirectory D:\WEJE3\hibernate\src\test\resources
2023-03-03 16:43:55,436 [Worker-30: Building] INFO  o.e.m.c.i.embedder.EclipseLogger - Using 'UTF-8' encoding to copy filtered resources.
2023-03-03 16:43:55,437 [Worker-30: Building] INFO  o.e.m.c.i.embedder.EclipseLogger - Copying 1 resource
2023-03-03 16:43:55,447 [Worker-30: Building] INFO  o.e.m.c.i.embedder.EclipseLogger - Using 'UTF-8' encoding to copy filtered resources.
2023-03-03 16:43:55,447 [Worker-30: Building] INFO  o.e.m.c.i.embedder.EclipseLogger - skip non existing resourceDirectory D:\WEJE3\hibernate\src\test\resources
2023-03-03 16:46:39,674 [Worker-31: Building] INFO  o.e.m.c.i.embedder.EclipseLogger - Using 'UTF-8' encoding to copy filtered resources.
2023-03-03 16:46:39,675 [Worker-31: Building] INFO  o.e.m.c.i.embedder.EclipseLogger - Copying 1 resource
2023-03-03 16:46:39,682 [Worker-31: Building] INFO  o.e.m.c.i.embedder.EclipseLogger - Using 'UTF-8' encoding to copy filtered resources.
2023-03-03 16:46:39,682 [Worker-31: Building] INFO  o.e.m.c.i.embedder.EclipseLogger - skip non existing resourceDirectory D:\WEJE3\hibernate\src\test\resources
2023-03-03 17:03:22,922 [Worker-33: Building] INFO  o.e.m.c.i.embedder.EclipseLogger - Using 'UTF-8' encoding to copy filtered resources.
2023-03-03 17:03:22,923 [Worker-33: Building] INFO  o.e.m.c.i.embedder.EclipseLogger - Copying 1 resource
2023-03-03 17:03:22,927 [Worker-33: Building] INFO  o.e.m.c.i.embedder.EclipseLogger - Using 'UTF-8' encoding to copy filtered resources.
2023-03-03 17:03:22,928 [Worker-33: Building] INFO  o.e.m.c.i.embedder.EclipseLogger - skip non existing resourceDirectory D:\WEJE3\hibernate\src\test\resources
2023-03-03 17:04:01,219 [Worker-32: Building] INFO  o.e.m.c.i.embedder.EclipseLogger - Using 'UTF-8' encoding to copy filtered resources.
2023-03-03 17:04:01,220 [Worker-32: Building] INFO  o.e.m.c.i.embedder.EclipseLogger - Copying 1 resource
2023-03-03 17:04:01,223 [Worker-32: Building] INFO  o.e.m.c.i.embedder.EclipseLogger - Using 'UTF-8' encoding to copy filtered resources.
2023-03-03 17:04:01,223 [Worker-32: Building] INFO  o.e.m.c.i.embedder.EclipseLogger - skip non existing resourceDirectory D:\WEJE3\hibernate\src\test\resources
2023-03-03 17:04:12,019 [Worker-12: Building] INFO  o.e.m.c.i.embedder.EclipseLogger - Using 'UTF-8' encoding to copy filtered resources.
2023-03-03 17:04:12,019 [Worker-12: Building] INFO  o.e.m.c.i.embedder.EclipseLogger - Copying 1 resource
2023-03-03 17:04:12,022 [Worker-12: Building] INFO  o.e.m.c.i.embedder.EclipseLogger - Using 'UTF-8' encoding to copy filtered resources.
2023-03-03 17:04:12,022 [Worker-12: Building] INFO  o.e.m.c.i.embedder.EclipseLogger - skip non existing resourceDirectory D:\WEJE3\hibernate\src\test\resources
2023-03-03 17:04:14,736 [Worker-35: Building] INFO  o.e.m.c.i.embedder.EclipseLogger - Using 'UTF-8' encoding to copy filtered resources.
2023-03-03 17:04:14,737 [Worker-35: Building] INFO  o.e.m.c.i.embedder.EclipseLogger - Copying 1 resource
2023-03-03 17:04:14,740 [Worker-35: Building] INFO  o.e.m.c.i.embedder.EclipseLogger - Using 'UTF-8' encoding to copy filtered resources.
2023-03-03 17:04:14,740 [Worker-35: Building] INFO  o.e.m.c.i.embedder.EclipseLogger - skip non existing resourceDirectory D:\WEJE3\hibernate\src\test\resources
2023-03-03 17:05:04,731 [Start Help Server] INFO  org.eclipse.jetty.server.Server - jetty-10.0.12; built: 2022-09-14T01:54:40.076Z; git: 408d0139887e27a57b54ed52e2d92a36731a7e88; jvm 19.0.1+10
2023-03-03 17:05:04,810 [Start Help Server] INFO  o.e.j.s.s.DefaultSessionIdManager - Session workerName=node0
2023-03-03 17:05:04,845 [Start Help Server] INFO  o.e.j.server.handler.ContextHandler - Started o.e.j.s.ServletContextHandler@5b655171{/help,null,AVAILABLE}
2023-03-03 17:05:04,866 [Start Help Server] INFO  o.e.jetty.server.AbstractConnector - Started ServerConnector@24215d89{HTTP/1.1, (http/1.1)}{127.0.0.1:50504}
2023-03-03 17:05:04,936 [Start Help Server] INFO  org.eclipse.jetty.server.Server - Started Server@5093b13b{STARTING}[10.0.12,sto=0] @6098768ms
2023-03-03 17:05:06,031 [Worker-32: Building] INFO  o.e.m.c.i.embedder.EclipseLogger - Using 'UTF-8' encoding to copy filtered resources.
2023-03-03 17:05:06,032 [Worker-32: Building] INFO  o.e.m.c.i.embedder.EclipseLogger - Copying 1 resource
2023-03-03 17:05:06,035 [Worker-32: Building] INFO  o.e.m.c.i.embedder.EclipseLogger - Using 'UTF-8' encoding to copy filtered resources.
2023-03-03 17:05:06,035 [Worker-32: Building] INFO  o.e.m.c.i.embedder.EclipseLogger - skip non existing resourceDirectory D:\WEJE3\hibernate\src\test\resources
2023-03-03 17:08:56,945 [Worker-36: Building] INFO  o.e.m.c.i.embedder.EclipseLogger - Using 'UTF-8' encoding to copy filtered resources.
2023-03-03 17:08:56,946 [Worker-36: Building] INFO  o.e.m.c.i.embedder.EclipseLogger - Copying 1 resource
2023-03-03 17:08:56,952 [Worker-36: Building] INFO  o.e.m.c.i.embedder.EclipseLogger - Using 'UTF-8' encoding to copy filtered resources.
2023-03-03 17:08:56,953 [Worker-36: Building] INFO  o.e.m.c.i.embedder.EclipseLogger - skip non existing resourceDirectory D:\WEJE3\hibernate\src\test\resources
2023-03-03 17:11:08,099 [Worker-37: Building] INFO  o.e.m.c.i.embedder.EclipseLogger - Using 'UTF-8' encoding to copy filtered resources.
2023-03-03 17:11:08,100 [Worker-37: Building] INFO  o.e.m.c.i.embedder.EclipseLogger - Copying 1 resource
2023-03-03 17:11:08,108 [Worker-37: Building] INFO  o.e.m.c.i.embedder.EclipseLogger - Using 'UTF-8' encoding to copy filtered resources.
2023-03-03 17:11:08,109 [Worker-37: Building] INFO  o.e.m.c.i.embedder.EclipseLogger - skip non existing resourceDirectory D:\WEJE3\hibernate\src\test\resources
2023-03-03 17:27:43,410 [Worker-42: Building] INFO  o.e.m.c.i.embedder.EclipseLogger - Using 'UTF-8' encoding to copy filtered resources.
2023-03-03 17:27:43,411 [Worker-42: Building] INFO  o.e.m.c.i.embedder.EclipseLogger - Copying 1 resource
2023-03-03 17:27:43,412 [Worker-42: Building] INFO  o.e.m.c.i.embedder.EclipseLogger - Using 'UTF-8' encoding to copy filtered resources.
2023-03-03 17:27:43,413 [Worker-42: Building] INFO  o.e.m.c.i.embedder.EclipseLogger - skip non existing resourceDirectory D:\WEJE3\hibernate\src\test\resources
2023-03-03 17:29:45,267 [Worker-37: Building] INFO  o.e.m.c.i.embedder.EclipseLogger - Using 'UTF-8' encoding to copy filtered resources.
2023-03-03 17:29:45,269 [Worker-37: Building] INFO  o.e.m.c.i.embedder.EclipseLogger - Copying 1 resource
2023-03-03 17:29:45,275 [Worker-37: Building] INFO  o.e.m.c.i.embedder.EclipseLogger - Using 'UTF-8' encoding to copy filtered resources.
2023-03-03 17:29:45,275 [Worker-37: Building] INFO  o.e.m.c.i.embedder.EclipseLogger - skip non existing resourceDirectory D:\WEJE3\hibernate\src\test\resources
2023-03-03 17:36:41,970 [Worker-49: Building] INFO  o.e.m.c.i.embedder.EclipseLogger - Using 'UTF-8' encoding to copy filtered resources.
2023-03-03 17:36:41,971 [Worker-49: Building] INFO  o.e.m.c.i.embedder.EclipseLogger - Copying 1 resource
2023-03-03 17:36:41,973 [Worker-49: Building] INFO  o.e.m.c.i.embedder.EclipseLogger - Using 'UTF-8' encoding to copy filtered resources.
2023-03-03 17:36:41,973 [Worker-49: Building] INFO  o.e.m.c.i.embedder.EclipseLogger - skip non existing resourceDirectory D:\WEJE3\hibernate\src\test\resources
2023-03-03 17:39:40,624 [Worker-52: Building] INFO  o.e.m.c.i.embedder.EclipseLogger - Using 'UTF-8' encoding to copy filtered resources.
2023-03-03 17:39:40,625 [Worker-52: Building] INFO  o.e.m.c.i.embedder.EclipseLogger - Copying 1 resource
2023-03-03 17:39:40,627 [Worker-52: Building] INFO  o.e.m.c.i.embedder.EclipseLogger - Using 'UTF-8' encoding to copy filtered resources.
2023-03-03 17:39:40,627 [Worker-52: Building] INFO  o.e.m.c.i.embedder.EclipseLogger - skip non existing resourceDirectory D:\WEJE3\hibernate\src\test\resources
2023-03-03 17:45:04,661 [Worker-57: Building] INFO  o.e.m.c.i.embedder.EclipseLogger - Using 'UTF-8' encoding to copy filtered resources.
2023-03-03 17:45:04,662 [Worker-57: Building] INFO  o.e.m.c.i.embedder.EclipseLogger - Copying 1 resource
2023-03-03 17:45:04,665 [Worker-57: Building] INFO  o.e.m.c.i.embedder.EclipseLogger - Using 'UTF-8' encoding to copy filtered resources.
2023-03-03 17:45:04,665 [Worker-57: Building] INFO  o.e.m.c.i.embedder.EclipseLogger - skip non existing resourceDirectory D:\WEJE3\hibernate\src\test\resources
2023-03-03 17:49:37,336 [Worker-60: Building] INFO  o.e.m.c.i.embedder.EclipseLogger - Using 'UTF-8' encoding to copy filtered resources.
2023-03-03 17:49:37,337 [Worker-60: Building] INFO  o.e.m.c.i.embedder.EclipseLogger - Copying 1 resource
2023-03-03 17:49:37,340 [Worker-60: Building] INFO  o.e.m.c.i.embedder.EclipseLogger - Using 'UTF-8' encoding to copy filtered resources.
2023-03-03 17:49:37,340 [Worker-60: Building] INFO  o.e.m.c.i.embedder.EclipseLogger - skip non existing resourceDirectory D:\WEJE3\hibernate\src\test\resources
2023-03-03 17:52:53,581 [Stop Help Server] INFO  org.eclipse.jetty.server.Server - Stopped Server@5093b13b{STOPPING}[10.0.12,sto=0]
2023-03-03 17:52:53,590 [Stop Help Server] INFO  o.e.jetty.server.AbstractConnector - Stopped ServerConnector@24215d89{HTTP/1.1, (http/1.1)}{127.0.0.1:0}
2023-03-03 17:52:53,603 [Stop Help Server] INFO  o.e.j.server.handler.ContextHandler - Stopped o.e.j.s.ServletContextHandler@5b655171{/help,null,STOPPED}
2023-03-04 16:09:49,257 [Start Help Server] INFO  org.eclipse.jetty.server.Server - jetty-10.0.12; built: 2022-09-14T01:54:40.076Z; git: 408d0139887e27a57b54ed52e2d92a36731a7e88; jvm 19.0.1+10
2023-03-04 16:09:49,433 [Start Help Server] INFO  o.e.j.s.s.DefaultSessionIdManager - Session workerName=node0
2023-03-04 16:09:49,473 [Start Help Server] INFO  o.e.j.server.handler.ContextHandler - Started o.e.j.s.ServletContextHandler@1e1eb87{/help,null,AVAILABLE}
2023-03-04 16:09:49,494 [Start Help Server] INFO  o.e.jetty.server.AbstractConnector - Started ServerConnector@588a591f{HTTP/1.1, (http/1.1)}{127.0.0.1:64256}
2023-03-04 16:09:49,513 [Start Help Server] INFO  org.eclipse.jetty.server.Server - Started Server@52e168ae{STARTING}[10.0.12,sto=0] @2978328ms
2023-03-04 16:13:21,202 [Worker-24: Loading available Gradle versions] INFO  o.e.b.c.i.u.g.PublishedGradleVersions - Gradle version information cache is up-to-date. Trying to read.
2023-03-04 16:13:43,981 [Worker-28: Building] INFO  o.e.m.c.i.embedder.EclipseLogger - Using 'UTF-8' encoding to copy filtered resources.
2023-03-04 16:13:43,988 [Worker-28: Building] INFO  o.e.m.c.i.embedder.EclipseLogger - Copying 1 resource
2023-03-04 16:13:44,003 [Worker-28: Building] INFO  o.e.m.c.i.embedder.EclipseLogger - Using 'UTF-8' encoding to copy filtered resources.
2023-03-04 16:13:44,004 [Worker-28: Building] INFO  o.e.m.c.i.embedder.EclipseLogger - skip non existing resourceDirectory D:\WEJE3\hibernate\src\test\resources
2023-03-04 16:15:32,344 [Worker-13: Building] INFO  o.e.m.c.i.embedder.EclipseLogger - Using 'UTF-8' encoding to copy filtered resources.
2023-03-04 16:15:32,352 [Worker-13: Building] INFO  o.e.m.c.i.embedder.EclipseLogger - Copying 1 resource
2023-03-04 16:15:32,357 [Worker-13: Building] INFO  o.e.m.c.i.embedder.EclipseLogger - Using 'UTF-8' encoding to copy filtered resources.
2023-03-04 16:15:32,357 [Worker-13: Building] INFO  o.e.m.c.i.embedder.EclipseLogger - skip non existing resourceDirectory D:\WEJE3\hibernate\src\test\resources
2023-03-04 16:16:05,472 [Worker-26: Building] INFO  o.e.m.c.i.embedder.EclipseLogger - Using 'UTF-8' encoding to copy filtered resources.
2023-03-04 16:16:05,473 [Worker-26: Building] INFO  o.e.m.c.i.embedder.EclipseLogger - Copying 1 resource
2023-03-04 16:16:05,479 [Worker-26: Building] INFO  o.e.m.c.i.embedder.EclipseLogger - Using 'UTF-8' encoding to copy filtered resources.
2023-03-04 16:16:05,480 [Worker-26: Building] INFO  o.e.m.c.i.embedder.EclipseLogger - skip non existing resourceDirectory D:\WEJE3\hibernate\src\test\resources
2023-03-04 16:20:54,338 [Worker-30: Building] INFO  o.e.m.c.i.embedder.EclipseLogger - Using 'UTF-8' encoding to copy filtered resources.
2023-03-04 16:20:54,339 [Worker-30: Building] INFO  o.e.m.c.i.embedder.EclipseLogger - Copying 1 resource
2023-03-04 16:20:54,345 [Worker-30: Building] INFO  o.e.m.c.i.embedder.EclipseLogger - Using 'UTF-8' encoding to copy filtered resources.
2023-03-04 16:20:54,346 [Worker-30: Building] INFO  o.e.m.c.i.embedder.EclipseLogger - skip non existing resourceDirectory D:\WEJE3\hibernate\src\test\resources
2023-03-04 16:27:13,423 [Worker-26: Building] INFO  o.e.m.c.i.embedder.EclipseLogger - Using 'UTF-8' encoding to copy filtered resources.
2023-03-04 16:27:13,424 [Worker-26: Building] INFO  o.e.m.c.i.embedder.EclipseLogger - Copying 1 resource
2023-03-04 16:27:13,427 [Worker-26: Building] INFO  o.e.m.c.i.embedder.EclipseLogger - Using 'UTF-8' encoding to copy filtered resources.
2023-03-04 16:27:13,427 [Worker-26: Building] INFO  o.e.m.c.i.embedder.EclipseLogger - skip non existing resourceDirectory D:\WEJE3\hibernate\src\test\resources
2023-03-04 16:27:38,614 [Worker-34: Building] INFO  o.e.m.c.i.embedder.EclipseLogger - Using 'UTF-8' encoding to copy filtered resources.
2023-03-04 16:27:38,616 [Worker-34: Building] INFO  o.e.m.c.i.embedder.EclipseLogger - Copying 1 resource
2023-03-04 16:27:38,624 [Worker-34: Building] INFO  o.e.m.c.i.embedder.EclipseLogger - Using 'UTF-8' encoding to copy filtered resources.
2023-03-04 16:27:38,625 [Worker-34: Building] INFO  o.e.m.c.i.embedder.EclipseLogger - skip non existing resourceDirectory D:\WEJE3\hibernate\src\test\resources
2023-03-04 16:28:23,518 [Worker-36: Building] INFO  o.e.m.c.i.embedder.EclipseLogger - Using 'UTF-8' encoding to copy filtered resources.
2023-03-04 16:28:23,519 [Worker-36: Building] INFO  o.e.m.c.i.embedder.EclipseLogger - Copying 1 resource
2023-03-04 16:28:23,527 [Worker-36: Building] INFO  o.e.m.c.i.embedder.EclipseLogger - Using 'UTF-8' encoding to copy filtered resources.
2023-03-04 16:28:23,527 [Worker-36: Building] INFO  o.e.m.c.i.embedder.EclipseLogger - skip non existing resourceDirectory D:\WEJE3\hibernate\src\test\resources
2023-03-04 16:29:37,639 [Worker-36: Building] INFO  o.e.m.c.i.embedder.EclipseLogger - Using 'UTF-8' encoding to copy filtered resources.
2023-03-04 16:29:37,640 [Worker-36: Building] INFO  o.e.m.c.i.embedder.EclipseLogger - Copying 1 resource
2023-03-04 16:29:37,642 [Worker-36: Building] INFO  o.e.m.c.i.embedder.EclipseLogger - Using 'UTF-8' encoding to copy filtered resources.
2023-03-04 16:29:37,642 [Worker-36: Building] INFO  o.e.m.c.i.embedder.EclipseLogger - skip non existing resourceDirectory D:\WEJE3\hibernate\src\test\resources
2023-03-04 16:31:38,690 [Worker-35: Building] INFO  o.e.m.c.i.embedder.EclipseLogger - Using 'UTF-8' encoding to copy filtered resources.
2023-03-04 16:31:38,691 [Worker-35: Building] INFO  o.e.m.c.i.embedder.EclipseLogger - Copying 1 resource
2023-03-04 16:31:38,695 [Worker-35: Building] INFO  o.e.m.c.i.embedder.EclipseLogger - Using 'UTF-8' encoding to copy filtered resources.
2023-03-04 16:31:38,695 [Worker-35: Building] INFO  o.e.m.c.i.embedder.EclipseLogger - skip non existing resourceDirectory D:\WEJE3\hibernate\src\test\resources
2023-03-04 16:34:27,024 [Worker-38: Building] INFO  o.e.m.c.i.embedder.EclipseLogger - Using 'UTF-8' encoding to copy filtered resources.
2023-03-04 16:34:27,025 [Worker-38: Building] INFO  o.e.m.c.i.embedder.EclipseLogger - Copying 1 resource
2023-03-04 16:34:27,027 [Worker-38: Building] INFO  o.e.m.c.i.embedder.EclipseLogger - Using 'UTF-8' encoding to copy filtered resources.
2023-03-04 16:34:27,028 [Worker-38: Building] INFO  o.e.m.c.i.embedder.EclipseLogger - skip non existing resourceDirectory D:\WEJE3\hibernate\src\test\resources
2023-03-04 16:36:17,740 [Worker-39: Building] INFO  o.e.m.c.i.embedder.EclipseLogger - Using 'UTF-8' encoding to copy filtered resources.
2023-03-04 16:36:17,742 [Worker-39: Building] INFO  o.e.m.c.i.embedder.EclipseLogger - Copying 1 resource
2023-03-04 16:36:17,747 [Worker-39: Building] INFO  o.e.m.c.i.embedder.EclipseLogger - Using 'UTF-8' encoding to copy filtered resources.
2023-03-04 16:36:17,748 [Worker-39: Building] INFO  o.e.m.c.i.embedder.EclipseLogger - skip non existing resourceDirectory D:\WEJE3\hibernate\src\test\resources
2023-03-04 16:38:57,720 [Worker-38: Launching StudentUpdateDAO] INFO  o.e.m.c.i.embedder.EclipseLogger - Using 'UTF-8' encoding to copy filtered resources.
2023-03-04 16:38:57,721 [Worker-38: Launching StudentUpdateDAO] INFO  o.e.m.c.i.embedder.EclipseLogger - Copying 1 resource
2023-03-04 16:38:57,725 [Worker-38: Launching StudentUpdateDAO] INFO  o.e.m.c.i.embedder.EclipseLogger - Using 'UTF-8' encoding to copy filtered resources.
2023-03-04 16:38:57,726 [Worker-38: Launching StudentUpdateDAO] INFO  o.e.m.c.i.embedder.EclipseLogger - skip non existing resourceDirectory D:\WEJE3\hibernate\src\test\resources
2023-03-04 16:41:06,571 [Worker-43: Building] INFO  o.e.m.c.i.embedder.EclipseLogger - Using 'UTF-8' encoding to copy filtered resources.
2023-03-04 16:41:06,572 [Worker-43: Building] INFO  o.e.m.c.i.embedder.EclipseLogger - Copying 1 resource
2023-03-04 16:41:06,576 [Worker-43: Building] INFO  o.e.m.c.i.embedder.EclipseLogger - Using 'UTF-8' encoding to copy filtered resources.
2023-03-04 16:41:06,577 [Worker-43: Building] INFO  o.e.m.c.i.embedder.EclipseLogger - skip non existing resourceDirectory D:\WEJE3\hibernate\src\test\resources
2023-03-04 16:41:28,442 [Worker-43: Building] INFO  o.e.m.c.i.embedder.EclipseLogger - Using 'UTF-8' encoding to copy filtered resources.
2023-03-04 16:41:28,443 [Worker-43: Building] INFO  o.e.m.c.i.embedder.EclipseLogger - Copying 1 resource
2023-03-04 16:41:28,444 [Worker-43: Building] INFO  o.e.m.c.i.embedder.EclipseLogger - Using 'UTF-8' encoding to copy filtered resources.
2023-03-04 16:41:28,445 [Worker-43: Building] INFO  o.e.m.c.i.embedder.EclipseLogger - skip non existing resourceDirectory D:\WEJE3\hibernate\src\test\resources
2023-03-04 16:41:48,522 [Worker-34: Building] INFO  o.e.m.c.i.embedder.EclipseLogger - Using 'UTF-8' encoding to copy filtered resources.
2023-03-04 16:41:48,523 [Worker-34: Building] INFO  o.e.m.c.i.embedder.EclipseLogger - Copying 1 resource
2023-03-04 16:41:48,530 [Worker-34: Building] INFO  o.e.m.c.i.embedder.EclipseLogger - Using 'UTF-8' encoding to copy filtered resources.
2023-03-04 16:41:48,531 [Worker-34: Building] INFO  o.e.m.c.i.embedder.EclipseLogger - skip non existing resourceDirectory D:\WEJE3\hibernate\src\test\resources
2023-03-04 16:42:41,573 [Worker-46: Building] INFO  o.e.m.c.i.embedder.EclipseLogger - Using 'UTF-8' encoding to copy filtered resources.
2023-03-04 16:42:41,574 [Worker-46: Building] INFO  o.e.m.c.i.embedder.EclipseLogger - Copying 1 resource
2023-03-04 16:42:41,579 [Worker-46: Building] INFO  o.e.m.c.i.embedder.EclipseLogger - Using 'UTF-8' encoding to copy filtered resources.
2023-03-04 16:42:41,579 [Worker-46: Building] INFO  o.e.m.c.i.embedder.EclipseLogger - skip non existing resourceDirectory D:\WEJE3\hibernate\src\test\resources
2023-03-04 16:44:22,347 [Worker-50: Building] INFO  o.e.m.c.i.embedder.EclipseLogger - Using 'UTF-8' encoding to copy filtered resources.
2023-03-04 16:44:22,347 [Worker-50: Building] INFO  o.e.m.c.i.embedder.EclipseLogger - Copying 1 resource
2023-03-04 16:44:22,349 [Worker-50: Building] INFO  o.e.m.c.i.embedder.EclipseLogger - Using 'UTF-8' encoding to copy filtered resources.
2023-03-04 16:44:22,349 [Worker-50: Building] INFO  o.e.m.c.i.embedder.EclipseLogger - skip non existing resourceDirectory D:\WEJE3\hibernate\src\test\resources
2023-03-04 17:09:35,154 [Worker-47: Building] INFO  o.e.m.c.i.embedder.EclipseLogger - Using 'UTF-8' encoding to copy filtered resources.
2023-03-04 17:09:35,154 [Worker-47: Building] INFO  o.e.m.c.i.embedder.EclipseLogger - skip non existing resourceDirectory D:\WEJE3\hibernate\src\main\resources
2023-03-04 17:09:35,163 [Worker-47: Building] INFO  o.e.m.c.i.embedder.EclipseLogger - Using 'UTF-8' encoding to copy filtered resources.
2023-03-04 17:09:35,163 [Worker-47: Building] INFO  o.e.m.c.i.embedder.EclipseLogger - skip non existing resourceDirectory D:\WEJE3\hibernate\src\test\resources
2023-03-04 17:10:14,135 [Worker-53: Building] INFO  o.e.m.c.i.embedder.EclipseLogger - Using 'UTF-8' encoding to copy filtered resources.
2023-03-04 17:10:14,135 [Worker-53: Building] INFO  o.e.m.c.i.embedder.EclipseLogger - Copying 0 resource
2023-03-04 17:10:14,139 [Worker-53: Building] INFO  o.e.m.c.i.embedder.EclipseLogger - Using 'UTF-8' encoding to copy filtered resources.
2023-03-04 17:10:14,139 [Worker-53: Building] INFO  o.e.m.c.i.embedder.EclipseLogger - skip non existing resourceDirectory D:\WEJE3\hibernate\src\test\resources
2023-03-04 17:10:49,416 [Worker-51: Building] INFO  o.e.m.c.i.embedder.EclipseLogger - Using 'UTF-8' encoding to copy filtered resources.
2023-03-04 17:10:49,418 [Worker-51: Building] INFO  o.e.m.c.i.embedder.EclipseLogger - Copying 0 resource
2023-03-04 17:10:49,422 [Worker-51: Building] INFO  o.e.m.c.i.embedder.EclipseLogger - Using 'UTF-8' encoding to copy filtered resources.
2023-03-04 17:10:49,422 [Worker-51: Building] INFO  o.e.m.c.i.embedder.EclipseLogger - skip non existing resourceDirectory D:\WEJE3\hibernate\src\test\resources
2023-03-04 17:11:13,217 [Worker-47: Building] INFO  o.e.m.c.i.embedder.EclipseLogger - Using 'UTF-8' encoding to copy filtered resources.
2023-03-04 17:11:13,217 [Worker-47: Building] INFO  o.e.m.c.i.embedder.EclipseLogger - Copying 1 resource
2023-03-04 17:11:13,220 [Worker-47: Building] INFO  o.e.m.c.i.embedder.EclipseLogger - Using 'UTF-8' encoding to copy filtered resources.
2023-03-04 17:11:13,220 [Worker-47: Building] INFO  o.e.m.c.i.embedder.EclipseLogger - skip non existing resourceDirectory D:\WEJE3\hibernate\src\test\resources
2023-03-04 17:11:39,735 [Worker-51: Building] INFO  o.e.m.c.i.embedder.EclipseLogger - Using 'UTF-8' encoding to copy filtered resources.
2023-03-04 17:11:39,735 [Worker-51: Building] INFO  o.e.m.c.i.embedder.EclipseLogger - Copying 1 resource
2023-03-04 17:11:39,738 [Worker-51: Building] INFO  o.e.m.c.i.embedder.EclipseLogger - Using 'UTF-8' encoding to copy filtered resources.
2023-03-04 17:11:39,738 [Worker-51: Building] INFO  o.e.m.c.i.embedder.EclipseLogger - skip non existing resourceDirectory D:\WEJE3\hibernate\src\test\resources
2023-03-04 17:11:47,607 [Stop Help Server] INFO  org.eclipse.jetty.server.Server - Stopped Server@52e168ae{STOPPING}[10.0.12,sto=0]
2023-03-04 17:11:47,618 [Stop Help Server] INFO  o.e.jetty.server.AbstractConnector - Stopped ServerConnector@588a591f{HTTP/1.1, (http/1.1)}{127.0.0.1:0}
2023-03-04 17:11:47,633 [Stop Help Server] INFO  o.e.j.server.handler.ContextHandler - Stopped o.e.j.s.ServletContextHandler@1e1eb87{/help,null,STOPPED}
